# JRE version: OpenJDK Runtime Environment Temurin-17.0.2+8 (17.0.2+8) (build 17.0.2+8)
# Java VM: OpenJDK 64-Bit Server VM Temurin-17.0.2+8 (17.0.2+8, mixed mode, tiered, compressed oops, compressed class ptrs, g1 gc, windows-amd64)
GC Precious Log:
 CPUs: 4 total, 4 available
 Memory: 6361M
 Large Page Support: Disabled
 NUMA Support: Disabled
 Compressed Oops: Enabled (32-bit)
 Heap Region Size: 1M
 Heap Min Capacity: 8M
 Heap Initial Capacity: 100M
 Heap Max Capacity: 1592M
 Pre-touch: Disabled
 Parallel Workers: 4
 Concurrent Workers: 1
 Concurrent Refinement Workers: 4
 Periodic GC: Disabled
Heap:
 garbage-first heap   total 307200K, used 186368K [0x000000009c800000, 0x0000000100000000)
  region size 1024K, 2 young (2048K), 2 survivors (2048K)
 Metaspace       used 6645K, committed 6784K, reserved 1056768K
  class space    used 565K, committed 640K, reserved 1048576K
GC Heap History (20 events):
Event: 11.068 GC heap after
{Heap after GC invocations=1 (full 0):
 garbage-first heap   total 102400K, used 14952K [0x000000009c800000, 0x0000000100000000)
  region size 1024K, 2 young (2048K), 2 survivors (2048K)
 Metaspace       used 6645K, committed 6784K, reserved 1056768K
  class space    used 565K, committed 640K, reserved 1048576K
}
Event: 11.090 GC heap before
{Heap before GC invocations=1 (full 0):
 garbage-first heap   total 102400K, used 18024K [0x000000009c800000, 0x0000000100000000)
  region size 1024K, 5 young (5120K), 2 survivors (2048K)
 Metaspace       used 6645K, committed 6784K, reserved 1056768K
  class space    used 565K, committed 640K, reserved 1048576K
}
Event: 11.138 GC heap after
{Heap after GC invocations=2 (full 0):
 garbage-first heap   total 102400K, used 18432K [0x000000009c800000, 0x0000000100000000)
  region size 1024K, 1 young (1024K), 1 survivors (1024K)
 Metaspace       used 6645K, committed 6784K, reserved 1056768K
  class space    used 565K, committed 640K, reserved 1048576K
}
Event: 11.148 GC heap before
{Heap before GC invocations=2 (full 0):
 garbage-first heap   total 102400K, used 25600K [0x000000009c800000, 0x0000000100000000)
  region size 1024K, 5 young (5120K), 1 survivors (1024K)
 Metaspace       used 6645K, committed 6784K, reserved 1056768K
  class space    used 565K, committed 640K, reserved 1048576K
}
Event: 11.172 GC heap after
{Heap after GC invocations=3 (full 0):
 garbage-first heap   total 102400K, used 26112K [0x000000009c800000, 0x0000000100000000)
  region size 1024K, 1 young (1024K), 1 survivors (1024K)
 Metaspace       used 6645K, committed 6784K, reserved 1056768K
  class space    used 565K, committed 640K, reserved 1048576K
}
Event: 11.190 GC heap before
{Heap before GC invocations=3 (full 0):
 garbage-first heap   total 102400K, used 38400K [0x000000009c800000, 0x0000000100000000)
  region size 1024K, 9 young (9216K), 1 survivors (1024K)
 Metaspace       used 6645K, committed 6784K, reserved 1056768K
  class space    used 565K, committed 640K, reserved 1048576K
}
Event: 11.226 GC heap after
{Heap after GC invocations=4 (full 0):
 garbage-first heap   total 102400K, used 38760K [0x000000009c800000, 0x0000000100000000)
  region size 1024K, 2 young (2048K), 2 survivors (2048K)
 Metaspace       used 6645K, committed 6784K, reserved 1056768K
  class space    used 565K, committed 640K, reserved 1048576K
}
Event: 11.254 GC heap before
{Heap before GC invocations=4 (full 0):
 garbage-first heap   total 102400K, used 56168K [0x000000009c800000, 0x0000000100000000)
  region size 1024K, 14 young (14336K), 2 survivors (2048K)
 Metaspace       used 6645K, committed 6784K, reserved 1056768K
  class space    used 565K, committed 640K, reserved 1048576K
}
Event: 11.314 GC heap after
{Heap after GC invocations=5 (full 0):
 garbage-first heap   total 102400K, used 56832K [0x000000009c800000, 0x0000000100000000)
  region size 1024K, 2 young (2048K), 2 survivors (2048K)
 Metaspace       used 6645K, committed 6784K, reserved 1056768K
  class space    used 565K, committed 640K, reserved 1048576K
}
Event: 11.327 GC heap before
{Heap before GC invocations=5 (full 0):
 garbage-first heap   total 102400K, used 66048K [0x000000009c800000, 0x0000000100000000)
  region size 1024K, 11 young (11264K), 2 survivors (2048K)
 Metaspace       used 6645K, committed 6784K, reserved 1056768K
  class space    used 565K, committed 640K, reserved 1048576K
}
Event: 11.376 GC heap after
{Heap after GC invocations=6 (full 0):
 garbage-first heap   total 307200K, used 66560K [0x000000009c800000, 0x0000000100000000)
  region size 1024K, 2 young (2048K), 2 survivors (2048K)
 Metaspace       used 6645K, committed 6784K, reserved 1056768K
  class space    used 565K, committed 640K, reserved 1048576K
}
Event: 11.545 GC heap before
{Heap before GC invocations=6 (full 0):
 garbage-first heap   total 239616K, used 80896K [0x000000009c800000, 0x0000000100000000)
  region size 1024K, 20 young (20480K), 2 survivors (2048K)
 Metaspace       used 6645K, committed 6784K, reserved 1056768K
  class space    used 565K, committed 640K, reserved 1048576K
}
Event: 11.590 GC heap after
{Heap after GC invocations=7 (full 0):
 garbage-first heap   total 239616K, used 81920K [0x000000009c800000, 0x0000000100000000)
  region size 1024K, 3 young (3072K), 3 survivors (3072K)
 Metaspace       used 6645K, committed 6784K, reserved 1056768K
  class space    used 565K, committed 640K, reserved 1048576K
}
Event: 11.641 GC heap before
{Heap before GC invocations=7 (full 0):
 garbage-first heap   total 239616K, used 111616K [0x000000009c800000, 0x0000000100000000)
  region size 1024K, 21 young (21504K), 3 survivors (3072K)
 Metaspace       used 6645K, committed 6784K, reserved 1056768K
  class space    used 565K, committed 640K, reserved 1048576K
}
Event: 11.692 GC heap after
{Heap after GC invocations=8 (full 0):
 garbage-first heap   total 239616K, used 113152K [0x000000009c800000, 0x0000000100000000)
  region size 1024K, 3 young (3072K), 3 survivors (3072K)
 Metaspace       used 6645K, committed 6784K, reserved 1056768K
  class space    used 565K, committed 640K, reserved 1048576K
}
Event: 11.717 GC heap before
{Heap before GC invocations=8 (full 0):
 garbage-first heap   total 239616K, used 131584K [0x000000009c800000, 0x0000000100000000)
  region size 1024K, 21 young (21504K), 3 survivors (3072K)
 Metaspace       used 6645K, committed 6784K, reserved 1056768K
  class space    used 565K, committed 640K, reserved 1048576K
}
Event: 11.759 GC heap after
{Heap after GC invocations=9 (full 0):
 garbage-first heap   total 239616K, used 132096K [0x000000009c800000, 0x0000000100000000)
  region size 1024K, 3 young (3072K), 3 survivors (3072K)
 Metaspace       used 6645K, committed 6784K, reserved 1056768K
  class space    used 565K, committed 640K, reserved 1048576K
}
Event: 11.834 GC heap before
{Heap before GC invocations=10 (full 0):
 garbage-first heap   total 239616K, used 173056K [0x000000009c800000, 0x0000000100000000)
  region size 1024K, 27 young (27648K), 3 survivors (3072K)
 Metaspace       used 6645K, committed 6784K, reserved 1056768K
  class space    used 565K, committed 640K, reserved 1048576K
}
Event: 11.901 GC heap after
{Heap after GC invocations=11 (full 0):
 garbage-first heap   total 239616K, used 174080K [0x000000009c800000, 0x0000000100000000)
  region size 1024K, 4 young (4096K), 4 survivors (4096K)
 Metaspace       used 6645K, committed 6784K, reserved 1056768K
  class space    used 565K, committed 640K, reserved 1048576K
}
Event: 11.918 GC heap before
{Heap before GC invocations=11 (full 0):
 garbage-first heap   total 239616K, used 185344K [0x000000009c800000, 0x0000000100000000)
  region size 1024K, 15 young (15360K), 4 survivors (4096K)
 Metaspace       used 6645K, committed 6784K, reserved 1056768K
  class space    used 565K, committed 640K, reserved 1048576K
}

