# JRE version: OpenJDK Runtime Environment Temurin-17.0.2+8 (17.0.2+8) (build 17.0.2+8)
# Java VM: OpenJDK 64-Bit Server VM Temurin-17.0.2+8 (17.0.2+8, mixed mode, tiered, compressed oops, compressed class ptrs, g1 gc, windows-amd64)
GC Precious Log:
 CPUs: 4 total, 4 available
 Memory: 6361M
 Large Page Support: Disabled
 NUMA Support: Disabled
 Compressed Oops: Enabled (32-bit)
 Heap Region Size: 1M
 Heap Min Capacity: 8M
 Heap Initial Capacity: 100M
 Heap Max Capacity: 1592M
 Pre-touch: Disabled
 Parallel Workers: 4
 Concurrent Workers: 1
 Concurrent Refinement Workers: 4
 Periodic GC: Disabled
Heap:
 garbage-first heap   total 307200K, used 178688K [0x000000009c800000, 0x0000000100000000)
  region size 1024K, 2 young (2048K), 2 survivors (2048K)
 Metaspace       used 6647K, committed 6784K, reserved 1056768K
  class space    used 565K, committed 640K, reserved 1048576K
GC Heap History (20 events):
Event: 18.410 GC heap after
{Heap after GC invocations=1 (full 0):
 garbage-first heap   total 102400K, used 14947K [0x000000009c800000, 0x0000000100000000)
  region size 1024K, 2 young (2048K), 2 survivors (2048K)
 Metaspace       used 6647K, committed 6784K, reserved 1056768K
  class space    used 565K, committed 640K, reserved 1048576K
}
Event: 18.429 GC heap before
{Heap before GC invocations=1 (full 0):
 garbage-first heap   total 102400K, used 18019K [0x000000009c800000, 0x0000000100000000)
  region size 1024K, 5 young (5120K), 2 survivors (2048K)
 Metaspace       used 6647K, committed 6784K, reserved 1056768K
  class space    used 565K, committed 640K, reserved 1048576K
}
Event: 18.478 GC heap after
{Heap after GC invocations=2 (full 0):
 garbage-first heap   total 102400K, used 18432K [0x000000009c800000, 0x0000000100000000)
  region size 1024K, 1 young (1024K), 1 survivors (1024K)
 Metaspace       used 6647K, committed 6784K, reserved 1056768K
  class space    used 565K, committed 640K, reserved 1048576K
}
Event: 18.487 GC heap before
{Heap before GC invocations=2 (full 0):
 garbage-first heap   total 102400K, used 25600K [0x000000009c800000, 0x0000000100000000)
  region size 1024K, 5 young (5120K), 1 survivors (1024K)
 Metaspace       used 6647K, committed 6784K, reserved 1056768K
  class space    used 565K, committed 640K, reserved 1048576K
}
Event: 18.516 GC heap after
{Heap after GC invocations=3 (full 0):
 garbage-first heap   total 102400K, used 26112K [0x000000009c800000, 0x0000000100000000)
  region size 1024K, 1 young (1024K), 1 survivors (1024K)
 Metaspace       used 6647K, committed 6784K, reserved 1056768K
  class space    used 565K, committed 640K, reserved 1048576K
}
Event: 18.534 GC heap before
{Heap before GC invocations=3 (full 0):
 garbage-first heap   total 102400K, used 38400K [0x000000009c800000, 0x0000000100000000)
  region size 1024K, 9 young (9216K), 1 survivors (1024K)
 Metaspace       used 6647K, committed 6784K, reserved 1056768K
  class space    used 565K, committed 640K, reserved 1048576K
}
Event: 18.589 GC heap after
{Heap after GC invocations=4 (full 0):
 garbage-first heap   total 102400K, used 38760K [0x000000009c800000, 0x0000000100000000)
  region size 1024K, 2 young (2048K), 2 survivors (2048K)
 Metaspace       used 6647K, committed 6784K, reserved 1056768K
  class space    used 565K, committed 640K, reserved 1048576K
}
Event: 18.615 GC heap before
{Heap before GC invocations=4 (full 0):
 garbage-first heap   total 102400K, used 55144K [0x000000009c800000, 0x0000000100000000)
  region size 1024K, 13 young (13312K), 2 survivors (2048K)
 Metaspace       used 6647K, committed 6784K, reserved 1056768K
  class space    used 565K, committed 640K, reserved 1048576K
}
Event: 18.691 GC heap after
{Heap after GC invocations=5 (full 0):
 garbage-first heap   total 102400K, used 55296K [0x000000009c800000, 0x0000000100000000)
  region size 1024K, 2 young (2048K), 2 survivors (2048K)
 Metaspace       used 6647K, committed 6784K, reserved 1056768K
  class space    used 565K, committed 640K, reserved 1048576K
}
Event: 18.705 GC heap before
{Heap before GC invocations=5 (full 0):
 garbage-first heap   total 102400K, used 65536K [0x000000009c800000, 0x0000000100000000)
  region size 1024K, 12 young (12288K), 2 survivors (2048K)
 Metaspace       used 6647K, committed 6784K, reserved 1056768K
  class space    used 565K, committed 640K, reserved 1048576K
}
Event: 18.747 GC heap after
{Heap after GC invocations=6 (full 0):
 garbage-first heap   total 307200K, used 66048K [0x000000009c800000, 0x0000000100000000)
  region size 1024K, 2 young (2048K), 2 survivors (2048K)
 Metaspace       used 6647K, committed 6784K, reserved 1056768K
  class space    used 565K, committed 640K, reserved 1048576K
}
Event: 18.906 GC heap before
{Heap before GC invocations=6 (full 0):
 garbage-first heap   total 229376K, used 78336K [0x000000009c800000, 0x0000000100000000)
  region size 1024K, 18 young (18432K), 2 survivors (2048K)
 Metaspace       used 6647K, committed 6784K, reserved 1056768K
  class space    used 565K, committed 640K, reserved 1048576K
}
Event: 18.944 GC heap after
{Heap after GC invocations=7 (full 0):
 garbage-first heap   total 229376K, used 79352K [0x000000009c800000, 0x0000000100000000)
  region size 1024K, 3 young (3072K), 3 survivors (3072K)
 Metaspace       used 6647K, committed 6784K, reserved 1056768K
  class space    used 565K, committed 640K, reserved 1048576K
}
Event: 18.995 GC heap before
{Heap before GC invocations=7 (full 0):
 garbage-first heap   total 229376K, used 108024K [0x000000009c800000, 0x0000000100000000)
  region size 1024K, 20 young (20480K), 3 survivors (3072K)
 Metaspace       used 6647K, committed 6784K, reserved 1056768K
  class space    used 565K, committed 640K, reserved 1048576K
}
Event: 19.040 GC heap after
{Heap after GC invocations=8 (full 0):
 garbage-first heap   total 229376K, used 109056K [0x000000009c800000, 0x0000000100000000)
  region size 1024K, 3 young (3072K), 3 survivors (3072K)
 Metaspace       used 6647K, committed 6784K, reserved 1056768K
  class space    used 565K, committed 640K, reserved 1048576K
}
Event: 19.065 GC heap before
{Heap before GC invocations=8 (full 0):
 garbage-first heap   total 229376K, used 125440K [0x000000009c800000, 0x0000000100000000)
  region size 1024K, 19 young (19456K), 3 survivors (3072K)
 Metaspace       used 6647K, committed 6784K, reserved 1056768K
  class space    used 565K, committed 640K, reserved 1048576K
}
Event: 19.109 GC heap after
{Heap after GC invocations=9 (full 0):
 garbage-first heap   total 229376K, used 126464K [0x000000009c800000, 0x0000000100000000)
  region size 1024K, 3 young (3072K), 3 survivors (3072K)
 Metaspace       used 6647K, committed 6784K, reserved 1056768K
  class space    used 565K, committed 640K, reserved 1048576K
}
Event: 19.188 GC heap before
{Heap before GC invocations=10 (full 0):
 garbage-first heap   total 229376K, used 166400K [0x000000009c800000, 0x0000000100000000)
  region size 1024K, 26 young (26624K), 3 survivors (3072K)
 Metaspace       used 6647K, committed 6784K, reserved 1056768K
  class space    used 565K, committed 640K, reserved 1048576K
}
Event: 19.264 GC heap after
{Heap after GC invocations=11 (full 0):
 garbage-first heap   total 229376K, used 167424K [0x000000009c800000, 0x0000000100000000)
  region size 1024K, 4 young (4096K), 4 survivors (4096K)
 Metaspace       used 6647K, committed 6784K, reserved 1056768K
  class space    used 565K, committed 640K, reserved 1048576K
}
Event: 19.278 GC heap before
{Heap before GC invocations=11 (full 0):
 garbage-first heap   total 229376K, used 177664K [0x000000009c800000, 0x0000000100000000)
  region size 1024K, 14 young (14336K), 4 survivors (4096K)
 Metaspace       used 6647K, committed 6784K, reserved 1056768K
  class space    used 565K, committed 640K, reserved 1048576K
}

